<?xml version="1.0" encoding="UTF-8"?>
<!-- Generated by org.testng.reporters.JUnitReportReporter -->
<testsuite skipped="0" hostname="INSODYY48S2" name="com.hm.MaterialsV2.MaterialsV2.TestCases.delChemical" tests="2" failures="0" timestamp="27 May 2019 14:17:14 GMT" time="112.188" errors="0">
  <testcase name="delChem" time="65.717" classname="com.hm.MaterialsV2.MaterialsV2.TestCases.delChemical"/>
  <testcase name="delChem" time="46.471" classname="com.hm.MaterialsV2.MaterialsV2.TestCases.delChemical"/>
</testsuite> <!-- com.hm.MaterialsV2.MaterialsV2.TestCases.delChemical -->
