<?xml version="1.0" encoding="UTF-8"?>
<!-- Generated by org.testng.reporters.JUnitReportReporter -->
<testsuite skipped="1" hostname="INSODYY48S2" name="com.qa.rediff2019.testcases.LoginTest" tests="2" failures="0" timestamp="17 Jun 2019 12:02:53 GMT" time="85.458" errors="0">
  <testcase name="loginTest" time="85.458" classname="com.qa.rediff2019.testcases.LoginTest"/>
  <testcase name="loginTest" time="0.000" classname="com.qa.rediff2019.testcases.LoginTest">
    <skipped/>
  </testcase> <!-- loginTest -->
</testsuite> <!-- com.qa.rediff2019.testcases.LoginTest -->
